[13:03:53] [ServerMain/INFO]: Environment: authHost='https://authserver.mojang.com', accountsHost='https://api.mojang.com', sessionHost='https://sessionserver.mojang.com', servicesHost='https://api.minecraftservices.com', name='PROD'
[13:03:57] [ServerMain/INFO]: Loaded 7 recipes
[13:03:57] [ServerMain/INFO]: Loaded 1271 advancements
[13:03:58] [Server thread/INFO]: Starting minecraft server version 1.20.1
[13:03:58] [Server thread/INFO]: Loading properties
[13:03:58] [Server thread/INFO]: Default game type: SURVIVAL
[13:03:58] [Server thread/INFO]: Generating keypair
[13:03:58] [Server thread/INFO]: Starting Minecraft server on *:25565
[13:03:58] [Server thread/INFO]: Using epoll channel type
[13:03:58] [Server thread/INFO]: Preparing level "world"
[13:04:08] [Server thread/INFO]: Preparing start region for dimension minecraft:overworld
[13:04:16] [Worker-Main-1/INFO]: Preparing spawn area: 0%
[13:04:16] [Worker-Main-1/INFO]: Preparing spawn area: 0%
[13:04:16] [Worker-Main-1/INFO]: Preparing spawn area: 0%
[13:04:16] [Worker-Main-1/INFO]: Preparing spawn area: 0%
[13:04:16] [Worker-Main-1/INFO]: Preparing spawn area: 0%
[13:04:16] [Worker-Main-1/INFO]: Preparing spawn area: 0%
[13:04:16] [Worker-Main-1/INFO]: Preparing spawn area: 0%
[13:04:16] [Worker-Main-1/INFO]: Preparing spawn area: 0%
[13:04:16] [Worker-Main-1/INFO]: Preparing spawn area: 0%
[13:04:16] [Worker-Main-1/INFO]: Preparing spawn area: 0%
[13:04:16] [Worker-Main-1/INFO]: Preparing spawn area: 0%
[13:04:16] [Worker-Main-1/INFO]: Preparing spawn area: 0%
[13:04:16] [Worker-Main-1/INFO]: Preparing spawn area: 0%
[13:04:16] [Worker-Main-1/INFO]: Preparing spawn area: 0%
[13:04:16] [Worker-Main-1/INFO]: Preparing spawn area: 0%
[13:04:16] [Worker-Main-1/INFO]: Preparing spawn area: 0%
[13:04:16] [Worker-Main-1/INFO]: Preparing spawn area: 0%
[13:04:17] [Worker-Main-1/INFO]: Preparing spawn area: 0%
[13:04:17] [Worker-Main-1/INFO]: Preparing spawn area: 0%
[13:04:18] [Worker-Main-1/INFO]: Preparing spawn area: 0%
[13:04:18] [Worker-Main-1/INFO]: Preparing spawn area: 0%
[13:04:19] [Worker-Main-1/INFO]: Preparing spawn area: 0%
[13:04:19] [Server thread/INFO]: Time elapsed: 11400 ms
[13:04:19] [Server thread/INFO]: Done (21.073s)! For help, type "help"
[13:04:32] [User Authenticator #1/INFO]: UUID of player Hiromamen is efdbab75-d5b6-4ff3-971c-15cf93bb16b8
[13:04:32] [Server thread/INFO]: Hiromamen[/126.77.123.82:51303] logged in with entity id 236 at (254.03109560218192, 63.0, -405.44767838148147)
[13:04:32] [Server thread/INFO]: Hiromamen joined the game
[13:04:35] [Server thread/WARN]: Can't keep up! Is the server overloaded? Running 2631ms or 52 ticks behind
[13:05:35] [User Authenticator #2/INFO]: UUID of player konnitiha_hello is 17b95e04-992c-4ad5-8706-ccbfc3830474
[13:05:35] [Server thread/INFO]: konnitiha_hello[/119.173.40.21:62773] logged in with entity id 673 at (240.8561137229917, 63.0, -410.04991474236556)
[13:05:35] [Server thread/INFO]: konnitiha_hello joined the game
[13:06:15] [Server thread/WARN]: Can't keep up! Is the server overloaded? Running 2118ms or 42 ticks behind
[13:06:33] [Server thread/WARN]: Can't keep up! Is the server overloaded? Running 3101ms or 62 ticks behind
[13:06:52] [Server thread/WARN]: Can't keep up! Is the server overloaded? Running 3456ms or 69 ticks behind
[13:07:12] [Server thread/WARN]: Can't keep up! Is the server overloaded? Running 5217ms or 104 ticks behind
[13:07:31] [Server thread/WARN]: Can't keep up! Is the server overloaded? Running 4018ms or 80 ticks behind
[13:07:49] [Server thread/WARN]: Can't keep up! Is the server overloaded? Running 2032ms or 40 ticks behind
[13:09:49] [Server thread/INFO]: Hiromamen lost connection: Disconnected
[13:09:49] [Server thread/INFO]: Hiromamen left the game
[13:09:51] [Server thread/INFO]: konnitiha_hello lost connection: Timed out
[13:09:51] [Server thread/INFO]: konnitiha_hello left the game
[13:09:51] [Server thread/WARN]: handleDisconnection() called twice
[13:11:03] [User Authenticator #3/INFO]: UUID of player konnitiha_hello is 17b95e04-992c-4ad5-8706-ccbfc3830474
[13:11:04] [Server thread/INFO]: konnitiha_hello[/119.173.40.21:62798] logged in with entity id 1594 at (201.31242479261107, 65.0, -231.77308227838836)
[13:11:04] [Server thread/INFO]: konnitiha_hello joined the game
[13:11:06] [User Authenticator #4/INFO]: UUID of player Hiromamen is efdbab75-d5b6-4ff3-971c-15cf93bb16b8
[13:11:07] [Server thread/INFO]: Hiromamen[/126.77.123.82:51383] logged in with entity id 1876 at (192.7999435951205, 62.9375, -226.68913848733646)
[13:11:07] [Server thread/INFO]: Hiromamen joined the game
[13:13:47] [Server thread/INFO]: konnitiha_hello has made the advancement [Sweet Dreams]
[13:13:52] [Server thread/INFO]: <konnitiha_hello> desss
[13:13:57] [Server thread/INFO]: Hiromamen has made the advancement [Sweet Dreams]
[13:39:37] [Server thread/WARN]: Can't keep up! Is the server overloaded? Running 2115ms or 42 ticks behind
[13:40:01] [Server thread/WARN]: Can't keep up! Is the server overloaded? Running 9306ms or 186 ticks behind
[13:46:06] [Server thread/INFO]: Unknown or incomplete command, see below for error
[13:46:06] [Server thread/INFO]: save<--[HERE]
[13:46:57] [Server thread/INFO]: Saving the game (this may take a moment!)
[13:46:57] [Server thread/INFO]: Saved the game
[14:04:50] [Server thread/INFO]: Hiromamen has made the advancement [The Parrots and the Bats]
[14:14:35] [Server thread/INFO]: Hiromamen has made the advancement [A Seedy Place]
[14:19:12] [Server thread/INFO]: Hiromamen lost connection: Disconnected
[14:19:12] [Server thread/INFO]: Hiromamen left the game
[14:19:17] [Server thread/INFO]: konnitiha_hello lost connection: Disconnected
[14:19:17] [Server thread/INFO]: konnitiha_hello left the game
[14:19:29] [Server thread/INFO]: Saving the game (this may take a moment!)
[14:19:29] [Server thread/INFO]: Saved the game
[14:19:31] [Server thread/INFO]: Stopping the server
[14:19:31] [Server thread/INFO]: Stopping server
[14:19:31] [Server thread/INFO]: Saving players
[14:19:31] [Server thread/INFO]: Saving worlds
[14:19:32] [Server thread/INFO]: Saving chunks for level 'ServerLevel[world]'/minecraft:overworld
[14:19:33] [Server thread/INFO]: Saving chunks for level 'ServerLevel[world]'/minecraft:the_end
[14:19:33] [Server thread/INFO]: Saving chunks for level 'ServerLevel[world]'/minecraft:the_nether
[14:19:33] [Server thread/INFO]: ThreadedAnvilChunkStorage (world): All chunks are saved
[14:19:33] [Server thread/INFO]: ThreadedAnvilChunkStorage (DIM1): All chunks are saved
[14:19:33] [Server thread/INFO]: ThreadedAnvilChunkStorage (DIM-1): All chunks are saved
[14:19:33] [Server thread/INFO]: ThreadedAnvilChunkStorage: All dimensions are saved
