[21:33:39] [Server thread/INFO]: Starting minecraft server version 1.10
[21:33:39] [Server thread/INFO]: Loading properties
[21:33:39] [Server thread/INFO]: Default game type: SURVIVAL
[21:33:39] [Server thread/INFO]: Generating keypair
[21:33:39] [Server thread/INFO]: Starting Minecraft server on *:25565
[21:33:39] [Server thread/INFO]: Using default channel type
[21:33:39] [Server thread/INFO]: Preparing level "world"
[21:33:39] [Server thread/INFO]: Preparing start region for level 0
[21:33:39] [Server thread/INFO]: Done (0.665s)! For help, type "help" or "?"
[21:34:14] [User Authenticator #1/INFO]: UUID of player konnitiha_hello is 17b95e04-992c-4ad5-8706-ccbfc3830474
[21:34:14] [Server thread/INFO]: konnitiha_hello[/127.0.0.1:53429] logged in with entity id 1163 at (-1913.5, 113.0, -134.5)
[21:34:14] [Server thread/INFO]: konnitiha_hello joined the game
[21:34:18] [Server thread/INFO]: konnitiha_hello lost connection: TextComponent{text='Disconnected', siblings=[], style=Style{hasParent=false, color=null, bold=null, italic=null, underlined=null, obfuscated=null, clickEvent=null, hoverEvent=null, insertion=null}}
[21:34:18] [Server thread/INFO]: konnitiha_hello left the game
[21:34:24] [Server thread/INFO]: Stopping the server
[21:34:24] [Server thread/INFO]: Stopping server
[21:34:24] [Server thread/INFO]: Saving players
[21:34:24] [Server thread/INFO]: Saving worlds
[21:34:24] [Server thread/INFO]: Saving chunks for level 'world'/Overworld
[21:34:24] [Server thread/INFO]: Saving chunks for level 'world'/Nether
[21:34:24] [Server thread/INFO]: Saving chunks for level 'world'/The End
[21:34:24] [Server Shutdown Thread/INFO]: Stopping server
