[18:50:44] [ServerMain/INFO]: Environment: authHost='https://authserver.mojang.com', accountsHost='https://api.mojang.com', sessionHost='https://sessionserver.mojang.com', servicesHost='https://api.minecraftservices.com', name='PROD'
[18:50:44] [ServerMain/INFO]: Found new data pack file/bukkit, loading it automatically
[18:50:44] [ServerMain/INFO]: Loaded 7 recipes
[18:50:46] [Server thread/INFO]: Starting minecraft server version 1.20.1
[18:50:46] [Server thread/INFO]: Loading properties
[18:50:46] [Server thread/INFO]: This server is running Paper version git-Paper-108 (MC: 1.20.1) (Implementing API version 1.20.1-R0.1-SNAPSHOT) (Git: d6d2b6f)
[18:50:46] [Server thread/INFO]: Server Ping Player Sample Count: 12
[18:50:46] [Server thread/INFO]: Using 4 threads for Netty based IO
[18:50:46] [Server thread/INFO]: [ChunkTaskScheduler] Chunk system is using 1 I/O threads, 2 worker threads, and gen parallelism of 2 threads
[18:50:46] [Server thread/WARN]: [!] The timings profiler has been enabled but has been scheduled for removal from Paper in the future.
    We recommend installing the spark profiler as a replacement: https://spark.lucko.me/
    For more information please visit: https://github.com/PaperMC/Paper/issues/8948
[18:50:46] [Server thread/INFO]: Default game type: SURVIVAL
[18:50:46] [Server thread/INFO]: Generating keypair
[18:50:46] [Server thread/INFO]: Starting Minecraft server on *:25565
[18:50:46] [Server thread/INFO]: Using default channel type
[18:50:46] [Server thread/INFO]: Paper: Using libdeflate (macOS ARM64 / Apple Silicon) compression from Velocity.
[18:50:46] [Server thread/INFO]: Paper: Using native (macOS ARM64 / Apple Silicon) cipher from Velocity.
[18:50:46] [Server thread/INFO]: Preparing level "world"
[18:50:51] [Server thread/INFO]: Preparing start region for dimension minecraft:overworld
[18:50:51] [Server thread/INFO]: Time elapsed: 108 ms
[18:50:51] [Server thread/INFO]: Preparing start region for dimension minecraft:the_nether
[18:50:51] [Server thread/INFO]: Time elapsed: 58 ms
[18:50:51] [Server thread/INFO]: Preparing start region for dimension minecraft:the_end
[18:50:51] [Server thread/INFO]: Time elapsed: 49 ms
[18:50:51] [Server thread/INFO]: Running delayed init tasks
[18:50:51] [Server thread/INFO]: Done (5.705s)! For help, type "help"
[18:50:51] [Server thread/INFO]: Timings Reset
